------
Demon Horn
Piercing Boomerang
True Demon Horn
Felyne Fury Combo+
Armor Horn
True Armor Horn
Provoker+
Shock Trap
Tracker's Eye
Pro Trapper
Cat Nap+
Health Horn
Detox Horn
True Health Horn
Parting Gift+
Trap Rigging
Bomb Duty
Big Barrel Bomber
Mad Bomber+
Mega Boomerang
Boomerang Duty
Stealth
Thievery+
Hasty Harvester
Gathering Duty
Gathering Scout
Gatherpaw+
Horn Echo
Slacker Slap
Herb Horn
Blast Edge
Paralysis Edge
Poison Edge
Sleep Edge
Attack/Defense Up
Nine Lives (Attack)
Nine Lives (Defense)
Negate Wind
Earplugs
Big Block Boost
Bounceback
Last Stand
Speedy Recovery
Non-Stick Fur
Negate Poison
Block Boost
Affinity Boost
Felvine Bomb
Artillery Meowster
Omniresistance
Gathering Ban
Slackproof
Slacking Recovery
Bomb Barrage
Ranged Barrage
Melee Barrage
Bomb Strike
Ranged Strike
Melee Strike
Bomb/Ranged
Ranged/Melee
Melee/Bomb
Recovery Boost
Treasure Hunter
Experience Boost
Wild Card
Meowster Fishermyan
Scatterfish Catcher
S.Goldenfish Catcher
Arowana Catcher
Handsome Haul
Fearsome Fisher
Atk Up/Def Down
Def Up/Atk Down
Aff Up/Def Down
Health Up/FI ResDown
FI ResUp/DR ResDown
WA ResUp/FI ResDown
TH ResUp/HealthDown
IC ResUp/TH ResDown
DR Res Up/Aff Down
Mounting Horn
Mounting Damage
Cat-apult Taunt
Cat-apult+
Grudge
Recovery Attack
Exhaust Attack
Meowrale Boost+
Frenzy Punisher
Enthusiast
Blunt Weapon+
Cutting Weapon+
Weapon Element+
Team Attack Boost
Team Attack Redux
Fire Synergy
Water Synergy
Thunder Synergy
Ice Synergy
Dragon Synergy
Team Attack+
Team Attack Haste
Team Signal
Bomb Attack+
Ranged Attack+
Melee Attack+
Bomb Onslaught
Ranged Onslaught
Melee Onslaught
Unreal Blocking
Reward Reaper
Skill Technician
